<?xml version="1.0" encoding="UTF-8"?>
<testng-results skipped="0" failed="0" ignored="0" total="1" passed="1">
  <reporter-output>
  </reporter-output>
  <suite name="Suite" duration-ms="430" started-at="2019-12-25T15:58:45 IST" finished-at="2019-12-25T15:58:46 IST">
    <groups>
    </groups>
    <test name="Test" duration-ms="430" started-at="2019-12-25T15:58:45 IST" finished-at="2019-12-25T15:58:46 IST">
      <class name="testcases.TC01">
        <test-method status="PASS" signature="tc001()[pri:0, instance:testcases.TC01@7c29daf3]" name="tc001" duration-ms="50" started-at="2019-12-25T15:58:46 IST" finished-at="2019-12-25T15:58:46 IST">
          <reporter-output>
          </reporter-output>
        </test-method> <!-- tc001 -->
      </class> <!-- testcases.TC01 -->
    </test> <!-- Test -->
  </suite> <!-- Suite -->
</testng-results>
